Time slot   0
ld_routine
	Loaded a process at input/proc/p0s, PID: 1 PRIO: 0
	CPU 0: Dispatched process  1
Time slot   1
	Loaded a process at input/proc/p1s, PID: 2 PRIO: 15
	CPU 1: Dispatched process  2
liballoc:178
print_pgtbl:
 PDG=c70c04000 P4g=c70c05000 PUD=c70c06000 PMD=c70c07000
Time slot   2
liballoc:178
print_pgtbl:
 PDG=c70c04000 P4g=c70c05000 PUD=c70c06000 PMD=c70c07000
Time slot   3
	Loaded a process at input/proc/p1s, PID: 3 PRIO: 0
libfree:218
print_pgtbl:
 PDG=c70c04000 P4g=c70c05000 PUD=c70c06000 PMD=c70c07000
Time slot   4
liballoc:178
print_pgtbl:
 PDG=c70c04000 P4g=c70c05000 PUD=c70c06000 PMD=c70c07000
Time slot   5
libwrite:502
print_pgtbl:
 PDG=c70c04000 P4g=c70c05000 PUD=c70c06000 PMD=c70c07000
Time slot   6
	Loaded a process at input/proc/p0s, PID: 4 PRIO: 0
	CPU 0: Put process  1 to run queue
	CPU 0: Dispatched process  3
Time slot   7
	CPU 1: Put process  2 to run queue
	CPU 1: Dispatched process  4
Time slot   8
liballoc:178
print_pgtbl:
 PDG=c70c17000 P4g=c70c18000 PUD=c70c19000 PMD=c70c1a000
Time slot   9
liballoc:178
print_pgtbl:
 PDG=c70c17000 P4g=c70c18000 PUD=c70c19000 PMD=c70c1a000
Time slot  10
libfree:218
print_pgtbl:
 PDG=c70c17000 P4g=c70c18000 PUD=c70c19000 PMD=c70c1a000
Time slot  11
liballoc:178
print_pgtbl:
 PDG=c70c17000 P4g=c70c18000 PUD=c70c19000 PMD=c70c1a000
Time slot  12
libwrite:502
print_pgtbl:
 PDG=c70c17000 P4g=c70c18000 PUD=c70c19000 PMD=c70c1a000
	CPU 0: Put process  3 to run queue
	CPU 0: Dispatched process  1
libread:426
print_pgtbl:
 PDG=c70c04000 P4g=c70c05000 PUD=c70c06000 PMD=c70c07000
Time slot  13
	CPU 1: Put process  4 to run queue
	CPU 1: Dispatched process  3
libwrite:502
print_pgtbl:
 PDG=c70c04000 P4g=c70c05000 PUD=c70c06000 PMD=c70c07000
Time slot  14
libread:426
print_pgtbl:
 PDG=c70c04000 P4g=c70c05000 PUD=c70c06000 PMD=c70c07000
Time slot  15
libwrite:502
print_pgtbl:
 PDG=c70c04000 P4g=c70c05000 PUD=c70c06000 PMD=c70c07000
Time slot  16
libread:426
print_pgtbl:
 PDG=c70c04000 P4g=c70c05000 PUD=c70c06000 PMD=c70c07000
Time slot  17
Time slot  18
	CPU 0: Put process  1 to run queue
	CPU 0: Dispatched process  4
libread:426
print_pgtbl:
 PDG=c70c17000 P4g=c70c18000 PUD=c70c19000 PMD=c70c1a000
Time slot  19
	CPU 1: Put process  3 to run queue
	CPU 1: Dispatched process  1
libfree:218
print_pgtbl:
 PDG=c70c04000 P4g=c70c05000 PUD=c70c06000 PMD=c70c07000
libwrite:502
print_pgtbl:
 PDG=c70c17000 P4g=c70c18000 PUD=c70c19000 PMD=c70c1a000
Time slot  20
libread:426
print_pgtbl:
 PDG=c70c17000 P4g=c70c18000 PUD=c70c19000 PMD=c70c1a000
Time slot  21
	CPU 1: Processed  1 has finished
	CPU 1: Dispatched process  3
libwrite:502
print_pgtbl:
 PDG=c70c17000 P4g=c70c18000 PUD=c70c19000 PMD=c70c1a000
Time slot  22
libread:426
print_pgtbl:
 PDG=c70c17000 P4g=c70c18000 PUD=c70c19000 PMD=c70c1a000
Time slot  23
Time slot  24
	CPU 0: Put process  4 to run queue
	CPU 0: Dispatched process  4
libfree:218
print_pgtbl:
 PDG=c70c17000 P4g=c70c18000 PUD=c70c19000 PMD=c70c1a000
Time slot  25
Time slot  26
	CPU 0: Processed  4 has finished
	CPU 0: Dispatched process  2
Time slot  27
	CPU 1: Put process  3 to run queue
	CPU 1: Dispatched process  3
Time slot  28
	CPU 1: Processed  3 has finished
	CPU 1 stopped
Time slot  29
Time slot  30
Time slot  31
Time slot  32
	CPU 0: Put process  2 to run queue
	CPU 0: Dispatched process  2
Time slot  33
Time slot  34
Time slot  35
Time slot  36
Time slot  37
Time slot  38
	CPU 0: Put process  2 to run queue
	CPU 0: Dispatched process  2
Time slot  39
	CPU 0: Processed  2 has finished
	CPU 0 stopped
