Time slot   0
ld_routine
Time slot   1
	Loaded a process at input/proc/s3, PID: 1 PRIO: 3
	CPU 0: Dispatched process  1
Time slot   2
Time slot   3
	Loaded a process at input/proc/m2s, PID: 2 PRIO: 3
	CPU 0: Put process  1 to run queue
	CPU 0: Dispatched process  2
liballoc:178
print_pgtbl:
 PDG=75080d000 P4g=75080e000 PUD=75080f000 PMD=750810000
Time slot   4
liballoc:178
print_pgtbl:
 PDG=75080d000 P4g=75080e000 PUD=75080f000 PMD=750810000
Time slot   5
	Loaded a process at input/proc/s2, PID: 3 PRIO: 3
	CPU 0: Put process  2 to run queue
	CPU 0: Dispatched process  1
Time slot   6
Time slot   7
	CPU 0: Put process  1 to run queue
	CPU 0: Dispatched process  3
Time slot   8
Time slot   9
	CPU 0: Put process  3 to run queue
	CPU 0: Dispatched process  2
libfree:218
print_pgtbl:
 PDG=75080d000 P4g=75080e000 PUD=75080f000 PMD=750810000
Time slot  10
Time slot  11
	Loaded a process at input/proc/m2s, PID: 4 PRIO: 2
	CPU 0: Put process  2 to run queue
	CPU 0: Dispatched process  4
liballoc:178
print_pgtbl:
 PDG=750817000 P4g=75081c000 PUD=75081d000 PMD=75081e000
Time slot  12
liballoc:178
print_pgtbl:
 PDG=750817000 P4g=75081c000 PUD=75081d000 PMD=75081e000
Time slot  13
	CPU 0: Put process  4 to run queue
	CPU 0: Dispatched process  4
libfree:218
print_pgtbl:
 PDG=750817000 P4g=75081c000 PUD=75081d000 PMD=75081e000
Time slot  14
Time slot  15
	CPU 0: Put process  4 to run queue
	CPU 0: Dispatched process  4
Time slot  16
	Loaded a process at input/proc/s1, PID: 5 PRIO: 0
Time slot  17
	CPU 0: Put process  4 to run queue
	CPU 0: Dispatched process  5
Time slot  18
Time slot  19
	CPU 0: Put process  5 to run queue
	CPU 0: Dispatched process  5
Time slot  20
Time slot  21
	CPU 0: Put process  5 to run queue
	CPU 0: Dispatched process  5
Time slot  22
Time slot  23
	CPU 0: Put process  5 to run queue
	CPU 0: Dispatched process  5
Time slot  24
Time slot  25
	CPU 0: Put process  5 to run queue
	CPU 0: Dispatched process  5
Time slot  26
	CPU 0: Processed  5 has finished
	CPU 0: Dispatched process  4
Time slot  27
Time slot  28
	CPU 0: Put process  4 to run queue
	CPU 0: Dispatched process  4
Time slot  29
libfree:218
print_pgtbl:
 PDG=750817000 P4g=75081c000 PUD=75081d000 PMD=75081e000
Time slot  30
	CPU 0: Put process  4 to run queue
	CPU 0: Dispatched process  4
libfree:218
print_pgtbl:
 PDG=750817000 P4g=75081c000 PUD=75081d000 PMD=75081e000
Time slot  31
libfree:218
print_pgtbl:
 PDG=750817000 P4g=75081c000 PUD=75081d000 PMD=75081e000
Time slot  32
	CPU 0: Processed  4 has finished
	CPU 0: Dispatched process  1
Time slot  33
Time slot  34
	CPU 0: Put process  1 to run queue
	CPU 0: Dispatched process  3
Time slot  35
Time slot  36
	CPU 0: Put process  3 to run queue
	CPU 0: Dispatched process  2
Time slot  37
Time slot  38
	CPU 0: Put process  2 to run queue
	CPU 0: Dispatched process  1
Time slot  39
Time slot  40
	CPU 0: Put process  1 to run queue
	CPU 0: Dispatched process  3
Time slot  41
Time slot  42
	CPU 0: Put process  3 to run queue
	CPU 0: Dispatched process  2
Time slot  43
Time slot  44
	CPU 0: Put process  2 to run queue
	CPU 0: Dispatched process  1
Time slot  45
Time slot  46
	CPU 0: Put process  1 to run queue
	CPU 0: Dispatched process  3
Time slot  47
Time slot  48
	CPU 0: Put process  3 to run queue
	CPU 0: Dispatched process  2
Time slot  49
libfree:218
print_pgtbl:
 PDG=75080d000 P4g=75080e000 PUD=75080f000 PMD=750810000
Time slot  50
	CPU 0: Put process  2 to run queue
	CPU 0: Dispatched process  1
Time slot  51
Time slot  52
	CPU 0: Put process  1 to run queue
	CPU 0: Dispatched process  3
Time slot  53
Time slot  54
	CPU 0: Put process  3 to run queue
	CPU 0: Dispatched process  2
libfree:218
print_pgtbl:
 PDG=75080d000 P4g=75080e000 PUD=75080f000 PMD=750810000
Time slot  55
libfree:218
print_pgtbl:
 PDG=75080d000 P4g=75080e000 PUD=75080f000 PMD=750810000
Time slot  56
	CPU 0: Processed  2 has finished
	CPU 0: Dispatched process  1
Time slot  57
Time slot  58
	CPU 0: Put process  1 to run queue
	CPU 0: Dispatched process  3
Time slot  59
Time slot  60
	CPU 0: Processed  3 has finished
	CPU 0: Dispatched process  1
Time slot  61
Time slot  62
	CPU 0: Processed  1 has finished
	CPU 0 stopped
