Time slot   0
ld_routine
Time slot   1
	Loaded a process at input/proc/sc2, PID: 1 PRIO: 15
	CPU 0: Dispatched process  1
liballoc:178
print_pgtbl:
 PDG=c28c01000 P4g=c28c02000 PUD=c28c03000 PMD=c28c08000
Time slot   2
libwrite:502
print_pgtbl:
 PDG=c28c01000 P4g=c28c02000 PUD=c28c03000 PMD=c28c08000
Time slot   3
	CPU 0: Put process  1 to run queue
	CPU 0: Dispatched process  1
libwrite:502
print_pgtbl:
 PDG=c28c01000 P4g=c28c02000 PUD=c28c03000 PMD=c28c08000
Time slot   4
libwrite:502
print_pgtbl:
 PDG=c28c01000 P4g=c28c02000 PUD=c28c03000 PMD=c28c08000
Time slot   5
	CPU 0: Put process  1 to run queue
	CPU 0: Dispatched process  1
Time slot   6
	CPU 0: Processed  1 has finished
	CPU 0 stopped
